2018-10-04 10:27:22.094 DEBUG PythonThreading2 - consumer: Consumer thread started ...
2018-10-04 10:27:22.095 INFO PythonThreading2 - consumer: Consumer waiting ...
2018-10-04 10:27:24.095 DEBUG PythonThreading2 - consumer: Consumer thread started ...
2018-10-04 10:27:24.095 INFO PythonThreading2 - consumer: Consumer waiting ...
2018-10-04 10:27:26.096 DEBUG PythonThreading2 - producer: Producer thread started ...
2018-10-04 10:27:26.097 INFO PythonThreading2 - producer: Making resource available
2018-10-04 10:27:26.097 DEBUG PythonThreading2 - producer: Notifying to all consumers
2018-10-04 10:27:26.098 DEBUG PythonThreading2 - consumer: Consumer consumed the resource
2018-10-04 10:27:26.098 DEBUG PythonThreading2 - consumer: Consumer consumed the resource
2018-10-04 10:32:57.502 DEBUG PythonThreading2 - consumer: Consumer thread started ...
2018-10-04 10:32:57.503 INFO PythonThreading2 - consumer: Consumer waiting ...
2018-10-04 10:32:59.503 DEBUG PythonThreading2 - consumer: Consumer thread started ...
2018-10-04 10:32:59.504 INFO PythonThreading2 - consumer: Consumer waiting ...
2018-10-04 10:33:01.505 DEBUG PythonThreading2 - producer: Producer thread started ...
2018-10-04 10:33:01.505 INFO PythonThreading2 - producer: Making resource available
2018-10-04 10:33:01.505 DEBUG PythonThreading2 - producer: Notifying to all consumers
2018-10-04 10:33:01.506 DEBUG PythonThreading2 - consumer: Consumer consumed the resource
2018-10-04 10:33:01.506 DEBUG PythonThreading2 - consumer: Consumer consumed the resource
2018-10on-04 10:35:10.957 DEBUG PythonThreading2 - consumer: Consumer thread started ...
2018-10on-04 10:35:10.958 INFO PythonThreading2 - consumer: Consumer waiting ...
2018-10on-04 10:35:12.959 DEBUG PythonThreading2 - consumer: Consumer thread started ...
2018-10on-04 10:35:12.960 INFO PythonThreading2 - consumer: Consumer waiting ...
2018-10on-04 10:35:14.961 DEBUG PythonThreading2 - producer: Producer thread started ...
2018-10on-04 10:35:14.962 INFO PythonThreading2 - producer: Making resource available
2018-10on-04 10:35:14.962 DEBUG PythonThreading2 - producer: Notifying to all consumers
2018-10on-04 10:35:14.963 DEBUG PythonThreading2 - consumer: Consumer consumed the resource
2018-10on-04 10:35:14.963 DEBUG PythonThreading2 - consumer: Consumer consumed the resource
2018-10on-04 10:38:48October.756 DEBUG PythonThreading2 - consumer: Consumer thread started ...
2018-10on-04 10:38:48October.773 INFO PythonThreading2 - consumer: Consumer waiting ...
2018-10on-04 10:38:50October.756 DEBUG PythonThreading2 - consumer: Consumer thread started ...
2018-10on-04 10:38:50October.756 INFO PythonThreading2 - consumer: Consumer waiting ...
2018-10on-04 10:38:52October.756 DEBUG PythonThreading2 - producer: Producer thread started ...
2018-10on-04 10:38:52October.757 INFO PythonThreading2 - producer: Making resource available
2018-10on-04 10:38:52October.757 DEBUG PythonThreading2 - producer: Notifying to all consumers
2018-10on-04 10:38:52October.758 DEBUG PythonThreading2 - consumer: Consumer consumed the resource
2018-10on-04 10:38:52October.759 DEBUG PythonThreading2 - consumer: Consumer consumed the resource
